<?xml version="1.0" encoding="UTF-8"?>
<!-- Generated by org.testng.reporters.JUnitXMLReporter -->
<testsuite ignored="0" hostname="DESKTOP-IOKLO1V" failures="0" tests="9" name="EndToEnd Test" time="0.224" errors="0" timestamp="2022-05-07T21:05:14 IST">
  <testcase classname="GroupingPractice.TestCase1" name="Test1" time="0.011"/>
  <testcase classname="GroupingPractice.TestCase1" name="Test2" time="0.002"/>
  <testcase classname="GroupingPractice.TestCase1" name="Test3" time="0.002"/>
  <testcase classname="GroupingPractice.TestCase2" name="Test4" time="0.005"/>
  <testcase classname="GroupingPractice.TestCase2" name="Test5" time="0.003"/>
  <testcase classname="GroupingPractice.TestCase2" name="Test6" time="0.006"/>
  <testcase classname="GroupingPractice.TestCase3" name="Test7" time="0.008"/>
  <testcase classname="GroupingPractice.TestCase3" name="Test8" time="0.005"/>
  <testcase classname="GroupingPractice.TestCase3" name="Test9" time="0.002"/>
</testsuite> <!-- EndToEnd Test -->
