<?xml version="1.0" encoding="UTF-8"?>
<!-- Generated by org.testng.reporters.JUnitXMLReporter -->
<testsuite ignored="8" hostname="DESKTOP-IOKLO1V" failures="0" tests="1" name="Smoke Test" time="0.057" errors="0" timestamp="2022-05-06T14:55:02 IST">
  <testcase classname="GroupingPractice.TestCase1" name="Test1" time="0.01"/>
  <testcase classname="GroupingPractice.TestCase1" name="Test2" time="0.0">
    <ignored/>
  </testcase> <!-- Test2 -->
  <testcase classname="GroupingPractice.TestCase1" name="Test3" time="0.0">
    <ignored/>
  </testcase> <!-- Test3 -->
  <testcase classname="GroupingPractice.TestCase2" name="Test5" time="0.0">
    <ignored/>
  </testcase> <!-- Test5 -->
  <testcase classname="GroupingPractice.TestCase2" name="Test6" time="0.0">
    <ignored/>
  </testcase> <!-- Test6 -->
  <testcase classname="GroupingPractice.TestCase3" name="Test7" time="0.0">
    <ignored/>
  </testcase> <!-- Test7 -->
  <testcase classname="GroupingPractice.TestCase2" name="Test4" time="0.0">
    <ignored/>
  </testcase> <!-- Test4 -->
  <testcase classname="GroupingPractice.TestCase3" name="Test8" time="0.0">
    <ignored/>
  </testcase> <!-- Test8 -->
  <testcase classname="GroupingPractice.TestCase3" name="Test9" time="0.0">
    <ignored/>
  </testcase> <!-- Test9 -->
</testsuite> <!-- Smoke Test -->
