<?xml version="1.0" encoding="UTF-8"?>
<testng-results ignored="3" total="9" passed="6" failed="0" skipped="0">
  <reporter-output>
  </reporter-output>
  <suite started-at="2023-07-09T11:45:23 IST" name="functional" finished-at="2023-07-09T11:45:23 IST" duration-ms="113">
    <groups>
      <group name="functional">
        <method signature="TestCase1.Test2()[pri:0, instance:GroupingPractice.TestCase1@3514a4c0]" name="Test2" class="GroupingPractice.TestCase1"/>
        <method signature="TestCase1.Test3()[pri:0, instance:GroupingPractice.TestCase1@3514a4c0]" name="Test3" class="GroupingPractice.TestCase1"/>
        <method signature="TestCase2.Test5()[pri:0, instance:GroupingPractice.TestCase2@4de4b452]" name="Test5" class="GroupingPractice.TestCase2"/>
        <method signature="TestCase2.Test6()[pri:0, instance:GroupingPractice.TestCase2@4de4b452]" name="Test6" class="GroupingPractice.TestCase2"/>
        <method signature="TestCase3.Test8()[pri:0, instance:GroupingPractice.TestCase3@6babf3bf]" name="Test8" class="GroupingPractice.TestCase3"/>
        <method signature="TestCase3.Test9()[pri:0, instance:GroupingPractice.TestCase3@6babf3bf]" name="Test9" class="GroupingPractice.TestCase3"/>
      </group> <!-- functional -->
      <group name="regression">
        <method signature="TestCase1.Test3()[pri:0, instance:GroupingPractice.TestCase1@3514a4c0]" name="Test3" class="GroupingPractice.TestCase1"/>
        <method signature="TestCase2.Test6()[pri:0, instance:GroupingPractice.TestCase2@4de4b452]" name="Test6" class="GroupingPractice.TestCase2"/>
        <method signature="TestCase3.Test9()[pri:0, instance:GroupingPractice.TestCase3@6babf3bf]" name="Test9" class="GroupingPractice.TestCase3"/>
      </group> <!-- regression -->
    </groups>
    <test started-at="2023-07-09T11:45:23 IST" name="functionalTest" finished-at="2023-07-09T11:45:23 IST" duration-ms="113">
      <class name="GroupingPractice.TestCase3">
        <test-method is-config="true" signature="LaunchBrowser()[pri:0, instance:GroupingPractice.TestCase3@6babf3bf]" started-at="2023-07-09T11:45:23 IST" name="LaunchBrowser" finished-at="2023-07-09T11:45:23 IST" duration-ms="2" status="PASS">
          <reporter-output>
          </reporter-output>
        </test-method> <!-- LaunchBrowser -->
        <test-method signature="Test8()[pri:0, instance:GroupingPractice.TestCase3@6babf3bf]" started-at="2023-07-09T11:45:23 IST" name="Test8" finished-at="2023-07-09T11:45:23 IST" duration-ms="3" status="PASS">
          <reporter-output>
          </reporter-output>
        </test-method> <!-- Test8 -->
        <test-method signature="Test9()[pri:0, instance:GroupingPractice.TestCase3@6babf3bf]" started-at="2023-07-09T11:45:23 IST" name="Test9" finished-at="2023-07-09T11:45:23 IST" duration-ms="3" status="PASS">
          <reporter-output>
          </reporter-output>
        </test-method> <!-- Test9 -->
        <test-method is-config="true" signature="CloseBrowser()[pri:0, instance:GroupingPractice.TestCase3@6babf3bf]" started-at="2023-07-09T11:45:23 IST" name="CloseBrowser" finished-at="2023-07-09T11:45:23 IST" duration-ms="0" status="PASS">
          <reporter-output>
          </reporter-output>
        </test-method> <!-- CloseBrowser -->
      </class> <!-- GroupingPractice.TestCase3 -->
      <class name="GroupingPractice.TestCase2">
        <test-method is-config="true" signature="LaunchBrowser()[pri:0, instance:GroupingPractice.TestCase2@4de4b452]" started-at="2023-07-09T11:45:23 IST" name="LaunchBrowser" finished-at="2023-07-09T11:45:23 IST" duration-ms="0" status="PASS">
          <reporter-output>
          </reporter-output>
        </test-method> <!-- LaunchBrowser -->
        <test-method signature="Test5()[pri:0, instance:GroupingPractice.TestCase2@4de4b452]" started-at="2023-07-09T11:45:23 IST" name="Test5" finished-at="2023-07-09T11:45:23 IST" duration-ms="2" status="PASS">
          <reporter-output>
          </reporter-output>
        </test-method> <!-- Test5 -->
        <test-method signature="Test6()[pri:0, instance:GroupingPractice.TestCase2@4de4b452]" started-at="2023-07-09T11:45:23 IST" name="Test6" finished-at="2023-07-09T11:45:23 IST" duration-ms="4" status="PASS">
          <reporter-output>
          </reporter-output>
        </test-method> <!-- Test6 -->
        <test-method is-config="true" signature="CloseBrowser()[pri:0, instance:GroupingPractice.TestCase2@4de4b452]" started-at="2023-07-09T11:45:23 IST" name="CloseBrowser" finished-at="2023-07-09T11:45:23 IST" duration-ms="1" status="PASS">
          <reporter-output>
          </reporter-output>
        </test-method> <!-- CloseBrowser -->
      </class> <!-- GroupingPractice.TestCase2 -->
      <class name="GroupingPractice.TestCase1">
        <test-method is-config="true" signature="openDB()[pri:0, instance:GroupingPractice.TestCase1@3514a4c0]" started-at="2023-07-09T11:45:23 IST" name="openDB" finished-at="2023-07-09T11:45:23 IST" duration-ms="7" status="PASS">
          <reporter-output>
          </reporter-output>
        </test-method> <!-- openDB -->
        <test-method is-config="true" signature="LaunchBrowser()[pri:0, instance:GroupingPractice.TestCase1@3514a4c0]" started-at="2023-07-09T11:45:23 IST" name="LaunchBrowser" finished-at="2023-07-09T11:45:23 IST" duration-ms="1" status="PASS">
          <reporter-output>
          </reporter-output>
        </test-method> <!-- LaunchBrowser -->
        <test-method signature="Test2()[pri:0, instance:GroupingPractice.TestCase1@3514a4c0]" started-at="2023-07-09T11:45:23 IST" name="Test2" finished-at="2023-07-09T11:45:23 IST" duration-ms="9" status="PASS">
          <reporter-output>
          </reporter-output>
        </test-method> <!-- Test2 -->
        <test-method signature="Test3()[pri:0, instance:GroupingPractice.TestCase1@3514a4c0]" started-at="2023-07-09T11:45:23 IST" name="Test3" finished-at="2023-07-09T11:45:23 IST" duration-ms="3" status="PASS">
          <reporter-output>
          </reporter-output>
        </test-method> <!-- Test3 -->
        <test-method is-config="true" signature="CloseBrowser()[pri:0, instance:GroupingPractice.TestCase1@3514a4c0]" started-at="2023-07-09T11:45:23 IST" name="CloseBrowser" finished-at="2023-07-09T11:45:23 IST" duration-ms="0" status="PASS">
          <reporter-output>
          </reporter-output>
        </test-method> <!-- CloseBrowser -->
        <test-method is-config="true" signature="closeDB()[pri:0, instance:GroupingPractice.TestCase1@3514a4c0]" started-at="2023-07-09T11:45:23 IST" name="closeDB" finished-at="2023-07-09T11:45:23 IST" duration-ms="1" status="PASS">
          <reporter-output>
          </reporter-output>
        </test-method> <!-- closeDB -->
      </class> <!-- GroupingPractice.TestCase1 -->
    </test> <!-- functionalTest -->
  </suite> <!-- functional -->
</testng-results>
